Determining if the pthread_create exist failed with the following output:
Change Dir: /home/flamingo39/catkin_ws/src/build/CMakeFiles/CMakeTmp

Run Build Command:"/usr/bin/make" "cmTC_10ad5/fast"
/usr/bin/make -f CMakeFiles/cmTC_10ad5.dir/build.make CMakeFiles/cmTC_10ad5.dir/build
make[1]: Entering directory '/home/flamingo39/catkin_ws/src/build/CMakeFiles/CMakeTmp'
Building C object CMakeFiles/cmTC_10ad5.dir/CheckSymbolExists.c.o
/usr/bin/x86_64-linux-gnu-gcc-7    -o CMakeFiles/cmTC_10ad5.dir/CheckSymbolExists.c.o   -c /home/flamingo39/catkin_ws/src/build/CMakeFiles/CMakeTmp/CheckSymbolExists.c
Linking C executable cmTC_10ad5
/usr/bin/cmake -E cmake_link_script CMakeFiles/cmTC_10ad5.dir/link.txt --verbose=1
/usr/bin/x86_64-linux-gnu-gcc-7      -rdynamic CMakeFiles/cmTC_10ad5.dir/CheckSymbolExists.c.o  -o cmTC_10ad5 
CMakeFiles/cmTC_10ad5.dir/CheckSymbolExists.c.o: In function `main':
CheckSymbolExists.c:(.text+0x1b): undefined reference to `pthread_create'
collect2: error: ld returned 1 exit status
CMakeFiles/cmTC_10ad5.dir/build.make:97: recipe for target 'cmTC_10ad5' failed
make[1]: *** [cmTC_10ad5] Error 1
make[1]: Leaving directory '/home/flamingo39/catkin_ws/src/build/CMakeFiles/CMakeTmp'
Makefile:126: recipe for target 'cmTC_10ad5/fast' failed
make: *** [cmTC_10ad5/fast] Error 2

File /home/flamingo39/catkin_ws/src/build/CMakeFiles/CMakeTmp/CheckSymbolExists.c:
/* */
#include <pthread.h>

int main(int argc, char** argv)
{
  (void)argv;
#ifndef pthread_create
  return ((int*)(&pthread_create))[argc];
#else
  (void)argc;
  return 0;
#endif
}

Determining if the function pthread_create exists in the pthreads failed with the following output:
Change Dir: /home/flamingo39/catkin_ws/src/build/CMakeFiles/CMakeTmp

Run Build Command:"/usr/bin/make" "cmTC_706cb/fast"
/usr/bin/make -f CMakeFiles/cmTC_706cb.dir/build.make CMakeFiles/cmTC_706cb.dir/build
make[1]: Entering directory '/home/flamingo39/catkin_ws/src/build/CMakeFiles/CMakeTmp'
Building C object CMakeFiles/cmTC_706cb.dir/CheckFunctionExists.c.o
/usr/bin/x86_64-linux-gnu-gcc-7   -DCHECK_FUNCTION_EXISTS=pthread_create   -o CMakeFiles/cmTC_706cb.dir/CheckFunctionExists.c.o   -c /usr/share/cmake-3.10/Modules/CheckFunctionExists.c
Linking C executable cmTC_706cb
/usr/bin/cmake -E cmake_link_script CMakeFiles/cmTC_706cb.dir/link.txt --verbose=1
/usr/bin/x86_64-linux-gnu-gcc-7  -DCHECK_FUNCTION_EXISTS=pthread_create    -rdynamic CMakeFiles/cmTC_706cb.dir/CheckFunctionExists.c.o  -o cmTC_706cb -lpthreads 
/usr/bin/ld: cannot find -lpthreads
collect2: error: ld returned 1 exit status
CMakeFiles/cmTC_706cb.dir/build.make:97: recipe for target 'cmTC_706cb' failed
make[1]: *** [cmTC_706cb] Error 1
make[1]: Leaving directory '/home/flamingo39/catkin_ws/src/build/CMakeFiles/CMakeTmp'
Makefile:126: recipe for target 'cmTC_706cb/fast' failed
make: *** [cmTC_706cb/fast] Error 2


